Scanning 16 creators...
[1/16] 2C4cYija... funder:9bJFAQ6S... conc:1
[2/16] 2QfBNK2W... funder:none... conc:0
[3/16] 3pcz387L... funder:none... conc:0
[4/16] 4YP7YJFD... funder:none... conc:0
[5/16] 4beTFfAZ... funder:6au2AmhA... conc:1
[6/16] 6zEfr6HN... funder:9yMwSPk9... conc:0.02
[7/16] 7R19Ljfh... funder:none... conc:0
[8/16] 7rhxnLV8... funder:none... conc:0
[9/16] F2BoBGtB... funder:none... conc:0
[10/16] FzZ77TM8... funder:none... conc:0
[11/16] G7jzvyXR... funder:3Z3x7bJg... conc:1
[12/16] GjWKdCUU... funder:Bcg4Wz4U... conc:0.21
[13/16] J4zsDMzP... funder:E3285B2P... conc:1
[14/16] env... funder:none... conc:undefined
[15/16] freeupq4... funder:none... conc:0
[16/16] yuanBzEq... funder:yuansUi5... conc:1
Getting parent funders for 7 unique funders...
  [1/7] 9bJFAQ6S... -> Ht2wJDb5...
  [2/7] 6au2AmhA... -> 4beTFfAZ...
  [3/7] 9yMwSPk9... -> none
  [4/7] 3Z3x7bJg... -> G7jzvyXR...
  [5/7] Bcg4Wz4U... -> 8BHi2Re9...
  [6/7] E3285B2P... -> J4zsDMzP...
  [7/7] yuansUi5... -> yuanBzEq...

Saved to ./data/hubs_2026-06-10.json
